<?xml version="1.0" encoding="UTF-8"?>
<testng-results skipped="0" failed="0" total="1" passed="1">
  <reporter-output>
  </reporter-output>
  <suite name="Suite" duration-ms="14406" started-at="2018-11-16T07:33:36Z" finished-at="2018-11-16T07:33:51Z">
    <groups>
    </groups>
    <test name="Test" duration-ms="14406" started-at="2018-11-16T07:33:36Z" finished-at="2018-11-16T07:33:51Z">
      <class name="com.ActionDemo.ActionFirstTest">
        <test-method status="PASS" signature="beforeTest()[pri:0, instance:com.ActionDemo.ActionFirstTest@19dfb72a]" name="beforeTest" is-config="true" duration-ms="9346" started-at="2018-11-16T13:03:36Z" finished-at="2018-11-16T13:03:46Z">
          <reporter-output>
          </reporter-output>
        </test-method> <!-- beforeTest -->
        <test-method status="PASS" signature="rt1Click()[pri:0, instance:com.ActionDemo.ActionFirstTest@19dfb72a]" name="rt1Click" duration-ms="5048" started-at="2018-11-16T13:03:46Z" finished-at="2018-11-16T13:03:51Z">
          <reporter-output>
          </reporter-output>
        </test-method> <!-- rt1Click -->
        <test-method status="PASS" signature="afterTest()[pri:0, instance:com.ActionDemo.ActionFirstTest@19dfb72a]" name="afterTest" is-config="true" duration-ms="0" started-at="2018-11-16T13:03:51Z" finished-at="2018-11-16T13:03:51Z">
          <reporter-output>
          </reporter-output>
        </test-method> <!-- afterTest -->
      </class> <!-- com.ActionDemo.ActionFirstTest -->
    </test> <!-- Test -->
  </suite> <!-- Suite -->
</testng-results>
