<?xml version="1.0" encoding="UTF-8"?>
<testng-results skipped="0" failed="0" total="1" passed="1">
  <reporter-output>
  </reporter-output>
  <suite name="Suite" duration-ms="16576" started-at="2018-11-16T04:31:35Z" finished-at="2018-11-16T04:31:52Z">
    <groups>
    </groups>
    <test name="Test" duration-ms="16576" started-at="2018-11-16T04:31:35Z" finished-at="2018-11-16T04:31:52Z">
      <class name="com.ActionDemo.ActionFirstTest">
        <test-method status="PASS" signature="beforeTest()[pri:0, instance:com.ActionDemo.ActionFirstTest@735b5592]" name="beforeTest" is-config="true" duration-ms="13371" started-at="2018-11-16T10:01:35Z" finished-at="2018-11-16T10:01:49Z">
          <reporter-output>
          </reporter-output>
        </test-method> <!-- beforeTest -->
        <test-method status="PASS" signature="rt1Click()[pri:0, instance:com.ActionDemo.ActionFirstTest@735b5592]" name="rt1Click" duration-ms="3131" started-at="2018-11-16T10:01:49Z" finished-at="2018-11-16T10:01:52Z">
          <reporter-output>
          </reporter-output>
        </test-method> <!-- rt1Click -->
        <test-method status="PASS" signature="afterTest()[pri:0, instance:com.ActionDemo.ActionFirstTest@735b5592]" name="afterTest" is-config="true" duration-ms="0" started-at="2018-11-16T10:01:52Z" finished-at="2018-11-16T10:01:52Z">
          <reporter-output>
          </reporter-output>
        </test-method> <!-- afterTest -->
      </class> <!-- com.ActionDemo.ActionFirstTest -->
    </test> <!-- Test -->
  </suite> <!-- Suite -->
</testng-results>
